### 新建守护式容器的进程
新建一个
[root@localhost /]# sudo docker run  --name daemon_dave -d  ubuntu /bin/bash -c "while true;do echo hello world; sleep 1; done"


[root@localhost /]# 


### 查看容器运行情况

[root@localhost /]# docker ps -a  

    CONTAINER ID        IMAGE               COMMAND                  CREATED             STATUS                     PORTS               NAMES  
    38ee6cd3a998        ubuntu              "/bin/bash -c 'whi..."   47 seconds ago      Up 47 seconds                                  daemon_dave  
    a1a9f481ee44        ubuntu              "/bin/bash"              37 minutes ago      Exited (0) 4 minutes ago   practical_bassi


[root@localhost /]#



### 执行容器中运行后台任务
 
[root@localhost ~]# docker exec -d daemon_dave touch /etc/kk 

### 附着到容上


[root@localhost ~]# docker attach daemon_dave

### 查看守护式容器的进程



[root@localhost ~]# docker top daemon_dave

      UID                 PID                 PPID                C                   STIME               TTY                 TIME                CMD
      root                4937                4920                0                   06:40               ?                   00:00:00            /bin/bash -c while true;do echo hello world; sleep 1; done
      root                7284                4937                0                   06:52               ?                   00:00:00            sleep 1

[root@localhost ~]# 


### Docker统计信息


[root@localhost ~]# docker stats daemon_dave

    CONTAINER           CPU %               MEM USAGE / LIMIT     MEM %               NET I/O             BLOCK I/O           PIDS
    daemon_dave         0.20%               360 KiB / 7.623 GiB   0.00%               648 B / 648 B       0 B / 0 B           2

    CONTAINER           CPU %               MEM USAGE / LIMIT     MEM %               NET I/O             BLOCK I/O           PIDS
    daemon_dave         0.20%               360 KiB / 7.623 GiB   0.00%               648 B / 648 B       0 B / 0 B           2

    CONTAINER           CPU %               MEM USAGE / LIMIT     MEM %               NET I/O             BLOCK I/O           PIDS
    daemon_dave         0.20%               356 KiB / 7.623 GiB   0.00%               648 B / 648 B       0 B / 0 B           2

     CONTAINER           CPU %               MEM USAGE / LIMIT     MEM %               NET I/O             BLOCK I/O           PIDS
     daemon_dave         0.20%               356 KiB / 7.623 GiB   0.00%               648 B / 648 B       0 B / 0 B           2




### 在容器内运行交互命令  
 
[root@localhost ~]# docker exec -t -i daemon_dave /bin/bash  

	root@38ee6cd3a998:/#  


### 停止正在运行的Docker容器

[root@localhost ~]# docker stop daemon_dave

	daemon_dave

[root@localhost ~]#  


### 启动正在运行的Docker容器

[root@localhost ~]# docker start daemon_dave

	daemon_dave

[root@localhost ~]#  


### 重启正在运行的Docker容器

[root@localhost ~]# docker restart daemon_dave

	daemon_dave

[root@localhost ~]# 

### 新建自动重启容器  

* 如果由于错误而导致容器停止运行时，可以通过--restart标志，让Docker容器重新启动


[root@localhost ~]# sudo docker run --restart=always  --name daemon_dave -d  ubuntu /bin/bash -c "while true;do echo hello world; sleep 1; done"

* 添加on-failure还按胺一个可选的重启次数参数：--restart=on-failure:5 重启5次

### 深入容器  
[root@localhost ~]# docker inspect   daemon_dave  
  

    [
    {
        "Id": "38ee6cd3a998eb161ed71648be47d16bb4bf5784db6e2d11eec2dcfbd6f5b433",
        "Created": "2019-01-22T13:25:13.478135435Z",
        "Path": "/bin/bash",
        "Args": [
            "-c",
            "while true;do echo hello world; sleep 1; done"
        ],
        "State": {
            "Status": "running",
            "Running": true,
            "Paused": false,
            "Restarting": false,
            "OOMKilled": false,
            "Dead": false,
            "Pid": 10040,
            "ExitCode": 0,
            "Error": "",
            "StartedAt": "2019-01-23T12:10:38.549632115Z",
            "FinishedAt": "2019-01-23T12:00:35.190222187Z"
            ......
        }

### 有选择获取容器信息
[root@localhost ~]# docker inspect  --format='{{.State.Running'}}  daemon_dave  
  
    true



### 有选择获取容器IP地址信息
[root@localhost ~]# docker inspect  --format='{{.NetworkSettings.IPAddress'}}  daemon_dave  
 
    172.17.0.2

### 查看多个容器
[root@localhost ~]# docker ps -a  
    

    CONTAINER ID        IMAGE               COMMAND                  CREATED             STATUS                    PORTS               NAMES
	38ee6cd3a998        ubuntu              "/bin/bash -c 'whi..."   23 hours ago        Up 37 minutes                                 daemon_dave
	a1a9f481ee44        ubuntu              "/bin/bash"              23 hours ago        Exited (0) 23 hours ago                       practical_bassi

[root@localhost ~]# docker inspect  --format='{{.State.Running'}}  daemon_dave practical_bassi
  
          true

          false  




### 删除容器

[root@localhost ~]# docker rm practical_bassi  

    practical_bassi
[root@localhost ~]# docker ps -a

    CONTAINER ID        IMAGE               COMMAND                  CREATED             STATUS              PORTS               NAMES
    38ee6cd3a998        ubuntu              "/bin/bash -c 'whi..."   23 hours ago        Up 40 minutes                           daemon_dave
[root@localhost ~]# 
	







asdfasdf
``


```  
                                                                                      QUERY PLAN                                                                                        
--------------------------------------------------------------------------------------------------------------------------------------------------------------------------------------  
 CTE Scan on skip t  (cost=54.35..56.37 rows=100 width=44) (actual time=0.042..6626.084 rows=993288 loops=1)  
   Output: (t.v).id, (t.v).info, (t.v).crt_time  
   Filter: (t.* IS NOT NULL)  
   Rows Removed by Filter: 1  
   Buffers: shared hit=3976934  
   CTE skip  
     ->  Recursive Union  (cost=0.91..54.35 rows=101 width=69) (actual time=0.034..6006.615 rows=993289 loops=1)  
           Buffers: shared hit=3976934  
           ->  Limit  (cost=0.91..0.93 rows=1 width=69) (actual time=0.033..0.033 rows=1 loops=1)  
                 Output: test.*  
                 Buffers: shared hit=8  
                 ->  Nested Loop  (cost=0.91..10.19 rows=500 width=69) (actual time=0.032..0.032 rows=1 loops=1)  
                       Output: test.*  
                       Buffers: shared hit=8  
                       ->  HashAggregate  (cost=0.48..0.49 rows=1 width=4) (actual time=0.021..0.021 rows=1 loops=1)  
                             Output: test_1.id  
                             Group Key: test_1.id  
                             Buffers: shared hit=4  
                             ->  Limit  (cost=0.43..0.47 rows=1 width=12) (actual time=0.016..0.016 rows=1 loops=1)  
                                   Output: test_1.id, test_1.crt_time  
                                   Buffers: shared hit=4  
                                   ->  Index Only Scan using idx_test_1 on public.test test_1  (cost=0.43..173279.36 rows=5000002 width=12) (actual time=0.015..0.015 rows=1 loops=1)  
                                         Output: test_1.id, test_1.crt_time  
                                         Index Cond: (test_1.id IS NOT NULL)  
                                         Heap Fetches: 1  
                                         Buffers: shared hit=4  
                       ->  Index Scan using idx_test_1 on public.test  (cost=0.43..9.64 rows=6 width=73) (actual time=0.009..0.009 rows=1 loops=1)  
                             Output: test.*, test.id  
                             Index Cond: (test.id = test_1.id)  
                             Buffers: shared hit=4  
           ->  WorkTable Scan on skip s  (cost=0.00..5.14 rows=10 width=32) (actual time=0.006..0.006 rows=1 loops=993289)  
                 Output: (SubPlan 1)  
                 Filter: ((s.v).id IS NOT NULL)  
                 Rows Removed by Filter: 0  
                 Buffers: shared hit=3976926  
                 SubPlan 1  
                   ->  Limit  (cost=0.43..0.49 rows=1 width=81) (actual time=0.005..0.005 rows=1 loops=993288)  
                         Output: t_1.*, t_1.id, t_1.crt_time  
                         Buffers: shared hit=3976926  
                         ->  Index Scan using idx_test_1 on public.test t_1  (cost=0.43..102425.17 rows=1666667 width=81) (actual time=0.005..0.005 rows=1 loops=993288)  
                               Output: t_1.*, t_1.id, t_1.crt_time  
                               Index Cond: ((t_1.id > (s.v).id) AND (t_1.id IS NOT NULL))  
                               Buffers: shared hit=3976926  
 Planning time: 0.354 ms  
 Execution time: 6706.105 ms  
(45 rows)  
```  


------------------
apt-get update && apt-get install vim
apt-get install net-tools